2024-09-07 01:24:00.558 [info] [main] Log level: Info
2024-09-07 01:24:00.558 [info] [main] Validating found git in: "git"
2024-09-07 01:24:00.558 [info] [main] Using git "2.46.0" from "git"
2024-09-07 01:24:00.558 [info] [Model][doInitialScan] Initial repository scan started
2024-09-07 01:24:00.558 [info] > git rev-parse --show-toplevel [8ms]
2024-09-07 01:24:00.558 [info] fatal: not a git repository (or any parent up to mount point /)
Stopping at filesystem boundary (GIT_DISCOVERY_ACROSS_FILESYSTEM not set).
2024-09-07 01:24:00.558 [info] > git rev-parse --show-toplevel [4ms]
2024-09-07 01:24:00.558 [info] fatal: not a git repository (or any parent up to mount point /)
Stopping at filesystem boundary (GIT_DISCOVERY_ACROSS_FILESYSTEM not set).
2024-09-07 01:24:00.558 [info] [Model][doInitialScan] Initial repository scan completed - repositories (0), closed repositories (0), parent repositories (0), unsafe repositories (0)
2024-09-07 01:24:00.558 [info] > git rev-parse --show-toplevel [4ms]
2024-09-07 01:24:00.558 [info] fatal: not a git repository (or any parent up to mount point /)
Stopping at filesystem boundary (GIT_DISCOVERY_ACROSS_FILESYSTEM not set).
2024-09-07 01:24:00.698 [info] > git rev-parse --show-toplevel [2ms]
2024-09-07 01:24:00.698 [info] fatal: not a git repository (or any parent up to mount point /)
Stopping at filesystem boundary (GIT_DISCOVERY_ACROSS_FILESYSTEM not set).
2024-09-07 01:24:01.811 [info] > git rev-parse --show-toplevel [2ms]
2024-09-07 01:24:01.811 [info] fatal: not a git repository (or any parent up to mount point /)
Stopping at filesystem boundary (GIT_DISCOVERY_ACROSS_FILESYSTEM not set).
