2024-09-06 09:03:50.293 [info] [main] Log level: Info
2024-09-06 09:03:50.293 [info] [main] Validating found git in: "git"
2024-09-06 09:03:50.293 [info] [main] Using git "2.46.0" from "git"
2024-09-06 09:03:50.293 [info] [Model][doInitialScan] Initial repository scan started
2024-09-06 09:03:50.293 [info] > git rev-parse --show-toplevel [4ms]
2024-09-06 09:03:50.293 [info] fatal: not a git repository (or any parent up to mount point /)
Stopping at filesystem boundary (GIT_DISCOVERY_ACROSS_FILESYSTEM not set).
2024-09-06 09:03:50.293 [info] > git rev-parse --show-toplevel [5ms]
2024-09-06 09:03:50.293 [info] fatal: not a git repository (or any parent up to mount point /)
Stopping at filesystem boundary (GIT_DISCOVERY_ACROSS_FILESYSTEM not set).
2024-09-06 09:03:50.293 [info] [Model][doInitialScan] Initial repository scan completed - repositories (0), closed repositories (0), parent repositories (0), unsafe repositories (0)
2024-09-06 09:03:50.321 [info] > git rev-parse --show-toplevel [2ms]
2024-09-06 09:03:50.321 [info] fatal: not a git repository (or any parent up to mount point /)
Stopping at filesystem boundary (GIT_DISCOVERY_ACROSS_FILESYSTEM not set).
2024-09-06 09:03:50.448 [info] > git rev-parse --show-toplevel [3ms]
2024-09-06 09:03:50.448 [info] fatal: not a git repository (or any parent up to mount point /)
Stopping at filesystem boundary (GIT_DISCOVERY_ACROSS_FILESYSTEM not set).
2024-09-06 09:03:50.494 [info] > git rev-parse --show-toplevel [7ms]
2024-09-06 09:03:50.494 [info] fatal: not a git repository (or any parent up to mount point /)
Stopping at filesystem boundary (GIT_DISCOVERY_ACROSS_FILESYSTEM not set).
2024-09-06 09:03:51.693 [info] > git rev-parse --show-toplevel [3ms]
2024-09-06 09:03:51.694 [info] fatal: not a git repository (or any parent up to mount point /)
Stopping at filesystem boundary (GIT_DISCOVERY_ACROSS_FILESYSTEM not set).
2024-09-06 09:03:54.174 [info] > git rev-parse --show-toplevel [3ms]
2024-09-06 09:03:54.174 [info] fatal: not a git repository (or any parent up to mount point /)
Stopping at filesystem boundary (GIT_DISCOVERY_ACROSS_FILESYSTEM not set).
2024-09-06 09:09:26.297 [info] > git rev-parse --show-toplevel [2ms]
2024-09-06 09:09:26.297 [info] fatal: not a git repository (or any parent up to mount point /)
Stopping at filesystem boundary (GIT_DISCOVERY_ACROSS_FILESYSTEM not set).
2024-09-06 09:09:38.224 [info] > git rev-parse --show-toplevel [2ms]
2024-09-06 09:09:38.224 [info] fatal: not a git repository (or any parent up to mount point /)
Stopping at filesystem boundary (GIT_DISCOVERY_ACROSS_FILESYSTEM not set).
2024-09-06 09:09:38.249 [info] > git rev-parse --show-toplevel [2ms]
2024-09-06 09:09:38.249 [info] fatal: not a git repository (or any parent up to mount point /)
Stopping at filesystem boundary (GIT_DISCOVERY_ACROSS_FILESYSTEM not set).
2024-09-06 09:09:39.541 [info] > git rev-parse --show-toplevel [3ms]
2024-09-06 09:09:39.541 [info] fatal: not a git repository (or any parent up to mount point /)
Stopping at filesystem boundary (GIT_DISCOVERY_ACROSS_FILESYSTEM not set).
2024-09-06 09:09:40.599 [info] > git rev-parse --show-toplevel [3ms]
2024-09-06 09:09:40.599 [info] fatal: not a git repository (or any parent up to mount point /)
Stopping at filesystem boundary (GIT_DISCOVERY_ACROSS_FILESYSTEM not set).
2024-09-06 09:09:41.814 [info] > git rev-parse --show-toplevel [2ms]
2024-09-06 09:09:41.814 [info] fatal: not a git repository (or any parent up to mount point /)
Stopping at filesystem boundary (GIT_DISCOVERY_ACROSS_FILESYSTEM not set).
2024-09-06 09:10:05.172 [info] > git rev-parse --show-toplevel [3ms]
2024-09-06 09:10:05.172 [info] fatal: not a git repository (or any parent up to mount point /)
Stopping at filesystem boundary (GIT_DISCOVERY_ACROSS_FILESYSTEM not set).
2024-09-06 09:10:14.148 [info] > git rev-parse --show-toplevel [3ms]
2024-09-06 09:10:14.148 [info] fatal: not a git repository (or any parent up to mount point /)
Stopping at filesystem boundary (GIT_DISCOVERY_ACROSS_FILESYSTEM not set).
2024-09-06 09:10:14.175 [info] > git rev-parse --show-toplevel [2ms]
2024-09-06 09:10:14.175 [info] fatal: not a git repository (or any parent up to mount point /)
Stopping at filesystem boundary (GIT_DISCOVERY_ACROSS_FILESYSTEM not set).
