2024-09-06 12:46:26.123 [info] [main] Log level: Info
2024-09-06 12:46:26.123 [info] [main] Validating found git in: "git"
2024-09-06 12:46:26.123 [info] [main] Using git "2.46.0" from "git"
2024-09-06 12:46:26.123 [info] [Model][doInitialScan] Initial repository scan started
2024-09-06 12:46:26.123 [info] > git rev-parse --show-toplevel [7ms]
2024-09-06 12:46:26.123 [info] fatal: not a git repository (or any parent up to mount point /)
Stopping at filesystem boundary (GIT_DISCOVERY_ACROSS_FILESYSTEM not set).
2024-09-06 12:46:26.123 [info] [Model][doInitialScan] Initial repository scan completed - repositories (0), closed repositories (0), parent repositories (0), unsafe repositories (0)
2024-09-06 12:46:26.168 [info] > git rev-parse --show-toplevel [3ms]
2024-09-06 12:46:26.168 [info] fatal: not a git repository (or any parent up to mount point /)
Stopping at filesystem boundary (GIT_DISCOVERY_ACROSS_FILESYSTEM not set).
2024-09-06 12:46:26.192 [info] > git rev-parse --show-toplevel [8ms]
2024-09-06 12:46:26.192 [info] fatal: not a git repository (or any parent up to mount point /)
Stopping at filesystem boundary (GIT_DISCOVERY_ACROSS_FILESYSTEM not set).
2024-09-06 12:46:26.205 [info] > git rev-parse --show-toplevel [3ms]
2024-09-06 12:46:26.205 [info] fatal: not a git repository (or any parent up to mount point /)
Stopping at filesystem boundary (GIT_DISCOVERY_ACROSS_FILESYSTEM not set).
2024-09-06 12:46:27.663 [info] > git rev-parse --show-toplevel [3ms]
2024-09-06 12:46:27.663 [info] fatal: not a git repository (or any parent up to mount point /)
Stopping at filesystem boundary (GIT_DISCOVERY_ACROSS_FILESYSTEM not set).
2024-09-06 12:46:28.098 [info] > git rev-parse --show-toplevel [3ms]
2024-09-06 12:46:28.098 [info] fatal: not a git repository (or any parent up to mount point /)
Stopping at filesystem boundary (GIT_DISCOVERY_ACROSS_FILESYSTEM not set).
