2024-09-07 00:42:34.985 [info] Getting Manifest... catppuccin.catppuccin-vsc
2024-09-07 00:42:35.189 [info] Installing extension: catppuccin.catppuccin-vsc {"isMachineScoped":false,"installPreReleaseVersion":false,"pinned":false,"profileLocation":{"$mid":1,"external":"vscode-userdata:/home/rios/.vscode-oss/extensions/extensions.json","path":"/home/rios/.vscode-oss/extensions/extensions.json","scheme":"vscode-userdata"},"installOnlyNewlyAddedFromExtensionPack":true,"isApplicationScoped":false,"productVersion":{"version":"1.92.1","date":"2024-08-09T07:48:41.621Z"}}
2024-09-07 00:42:36.739 [error] Could not load vsce-sign module Cannot find module '@vscode/vsce-sign'
Require stack:
- /usr/lib/code/out/bootstrap-fork.js
2024-09-07 00:42:36.740 [info] Extension signature verification is not done: catppuccin.catppuccin-vsc
2024-09-07 00:42:36.847 [info] Extracted extension to file:///home/rios/.vscode-oss/extensions/catppuccin.catppuccin-vsc-3.15.2-universal: catppuccin.catppuccin-vsc
2024-09-07 00:42:36.851 [info] Renamed to /home/rios/.vscode-oss/extensions/catppuccin.catppuccin-vsc-3.15.2-universal
2024-09-07 00:42:36.870 [info] Extension installed successfully: catppuccin.catppuccin-vsc vscode-userdata:/home/rios/.vscode-oss/extensions/extensions.json
2024-09-07 00:42:36.941 [error] [uncaught exception in sharedProcess]: Error: ENOENT: no such file or directory, stat '/home/rios/.vscode-oss/extensions/extensions.json.vsctmp': EntryNotFound (FileSystemError): Error: ENOENT: no such file or directory, stat '/home/rios/.vscode-oss/extensions/extensions.json.vsctmp'
    at o.create (/usr/lib/code/out/vs/code/node/sharedProcess/sharedProcessMain.js:54:19408)
    at u (/usr/lib/code/out/vs/code/node/sharedProcess/sharedProcessMain.js:54:19519)
    at p.hb (/usr/lib/code/out/vs/code/node/sharedProcess/sharedProcessMain.js:59:36714)
    at p.stat (/usr/lib/code/out/vs/code/node/sharedProcess/sharedProcessMain.js:59:29034)
    at async c.stat (/usr/lib/code/out/vs/code/node/sharedProcess/sharedProcessMain.js:59:14940)
    at async z.ub (/usr/lib/code/out/vs/code/node/sharedProcess/sharedProcessMain.js:105:120384)
2024-09-07 00:42:56.691 [info] Getting Manifest... pkief.material-icon-theme
2024-09-07 00:42:56.882 [info] Installing extension: pkief.material-icon-theme {"isMachineScoped":false,"installPreReleaseVersion":false,"pinned":false,"profileLocation":{"$mid":1,"external":"vscode-userdata:/home/rios/.vscode-oss/extensions/extensions.json","path":"/home/rios/.vscode-oss/extensions/extensions.json","scheme":"vscode-userdata"},"installOnlyNewlyAddedFromExtensionPack":true,"isApplicationScoped":false,"productVersion":{"version":"1.92.1","date":"2024-08-09T07:48:41.621Z"}}
2024-09-07 00:42:58.966 [error] Could not load vsce-sign module Cannot find module '@vscode/vsce-sign'
Require stack:
- /usr/lib/code/out/bootstrap-fork.js
2024-09-07 00:42:58.966 [info] Extension signature verification is not done: pkief.material-icon-theme
2024-09-07 00:42:59.681 [info] Extracted extension to file:///home/rios/.vscode-oss/extensions/pkief.material-icon-theme-5.10.0-universal: pkief.material-icon-theme
2024-09-07 00:42:59.685 [info] Renamed to /home/rios/.vscode-oss/extensions/pkief.material-icon-theme-5.10.0-universal
2024-09-07 00:42:59.703 [info] Extension installed successfully: pkief.material-icon-theme vscode-userdata:/home/rios/.vscode-oss/extensions/extensions.json
2024-09-07 00:42:59.772 [error] [uncaught exception in sharedProcess]: Error: ENOENT: no such file or directory, stat '/home/rios/.vscode-oss/extensions/extensions.json.vsctmp': EntryNotFound (FileSystemError): Error: ENOENT: no such file or directory, stat '/home/rios/.vscode-oss/extensions/extensions.json.vsctmp'
    at o.create (/usr/lib/code/out/vs/code/node/sharedProcess/sharedProcessMain.js:54:19408)
    at u (/usr/lib/code/out/vs/code/node/sharedProcess/sharedProcessMain.js:54:19519)
    at p.hb (/usr/lib/code/out/vs/code/node/sharedProcess/sharedProcessMain.js:59:36714)
    at p.stat (/usr/lib/code/out/vs/code/node/sharedProcess/sharedProcessMain.js:59:29034)
    at async c.stat (/usr/lib/code/out/vs/code/node/sharedProcess/sharedProcessMain.js:59:14940)
    at async z.ub (/usr/lib/code/out/vs/code/node/sharedProcess/sharedProcessMain.js:105:120384)
