2024-09-06 05:14:15 Loading main app package /usr/lib/obsidian/obsidian.asar
2024-09-06 05:14:16 Checking for update using Github
2024-09-06 05:14:16 Success.
2024-09-06 05:14:16 Latest version is 1.6.7
2024-09-06 05:14:16 App is up to date.
2024-09-06 06:26:56 Loading main app package /usr/lib/obsidian/obsidian.asar
2024-09-06 06:26:56 Checking for update using Github
2024-09-06 06:26:57 Success.
2024-09-06 06:26:57 Latest version is 1.6.7
2024-09-06 06:26:57 App is up to date.
2024-09-06 06:35:48 Loading main app package /usr/lib/obsidian/obsidian.asar
2024-09-06 06:35:48 Checking for update using Github
2024-09-06 06:35:49 Success.
2024-09-06 06:35:49 Latest version is 1.6.7
2024-09-06 06:35:49 App is up to date.
2024-09-06 06:50:30 Loading main app package /usr/lib/obsidian/obsidian.asar
2024-09-06 06:50:30 Checking for update using Github
2024-09-06 06:50:31 Success.
2024-09-06 06:50:31 Latest version is 1.6.7
2024-09-06 06:50:31 App is up to date.
2024-09-06 07:25:31 Loading main app package /usr/lib/obsidian/obsidian.asar
2024-09-06 07:25:31 Checking for update using Github
2024-09-06 07:25:32 Success.
2024-09-06 07:25:32 Latest version is 1.6.7
2024-09-06 07:25:32 App is up to date.
2024-09-06 08:16:22 Loading main app package /usr/lib/obsidian/obsidian.asar
2024-09-06 08:16:23 Checking for update using Github
2024-09-06 08:16:23 Success.
2024-09-06 08:16:23 Latest version is 1.6.7
2024-09-06 08:16:23 App is up to date.
