2024-09-07 01:13:24.825 [info] [main] Log level: Info
2024-09-07 01:13:24.825 [info] [main] Validating found git in: "git"
2024-09-07 01:13:24.825 [info] [main] Using git "2.46.0" from "git"
2024-09-07 01:13:24.825 [info] [Model][doInitialScan] Initial repository scan started
2024-09-07 01:13:24.825 [info] > git rev-parse --show-toplevel [8ms]
2024-09-07 01:13:24.825 [info] fatal: not a git repository (or any parent up to mount point /)
Stopping at filesystem boundary (GIT_DISCOVERY_ACROSS_FILESYSTEM not set).
2024-09-07 01:13:24.825 [info] > git rev-parse --show-toplevel [5ms]
2024-09-07 01:13:24.825 [info] fatal: not a git repository (or any parent up to mount point /)
Stopping at filesystem boundary (GIT_DISCOVERY_ACROSS_FILESYSTEM not set).
2024-09-07 01:13:24.825 [info] [Model][doInitialScan] Initial repository scan completed - repositories (0), closed repositories (0), parent repositories (0), unsafe repositories (0)
2024-09-07 01:13:24.859 [info] > git rev-parse --show-toplevel [8ms]
2024-09-07 01:13:24.859 [info] fatal: not a git repository (or any parent up to mount point /)
Stopping at filesystem boundary (GIT_DISCOVERY_ACROSS_FILESYSTEM not set).
2024-09-07 01:13:24.878 [info] > git rev-parse --show-toplevel [3ms]
2024-09-07 01:13:24.878 [info] fatal: not a git repository (or any parent up to mount point /)
Stopping at filesystem boundary (GIT_DISCOVERY_ACROSS_FILESYSTEM not set).
2024-09-07 01:13:25.001 [info] > git rev-parse --show-toplevel [2ms]
2024-09-07 01:13:25.001 [info] fatal: not a git repository (or any parent up to mount point /)
Stopping at filesystem boundary (GIT_DISCOVERY_ACROSS_FILESYSTEM not set).
2024-09-07 01:13:26.134 [info] > git rev-parse --show-toplevel [3ms]
2024-09-07 01:13:26.134 [info] fatal: not a git repository (or any parent up to mount point /)
Stopping at filesystem boundary (GIT_DISCOVERY_ACROSS_FILESYSTEM not set).
