2024-09-07 00:42:19.326 [info] [main] Log level: Info
2024-09-07 00:42:19.327 [info] [main] Validating found git in: "git"
2024-09-07 00:42:19.327 [info] [main] Using git "2.46.0" from "git"
2024-09-07 00:42:19.327 [info] [Model][doInitialScan] Initial repository scan started
2024-09-07 00:42:19.327 [info] > git rev-parse --show-toplevel [9ms]
2024-09-07 00:42:19.327 [info] fatal: not a git repository (or any parent up to mount point /)
Stopping at filesystem boundary (GIT_DISCOVERY_ACROSS_FILESYSTEM not set).
2024-09-07 00:42:19.327 [info] > git rev-parse --show-toplevel [5ms]
2024-09-07 00:42:19.327 [info] fatal: not a git repository (or any parent up to mount point /)
Stopping at filesystem boundary (GIT_DISCOVERY_ACROSS_FILESYSTEM not set).
2024-09-07 00:42:19.327 [info] [Model][doInitialScan] Initial repository scan completed - repositories (0), closed repositories (0), parent repositories (0), unsafe repositories (0)
2024-09-07 00:42:19.328 [info] > git rev-parse --show-toplevel [2ms]
2024-09-07 00:42:19.328 [info] fatal: not a git repository (or any parent up to mount point /)
Stopping at filesystem boundary (GIT_DISCOVERY_ACROSS_FILESYSTEM not set).
2024-09-07 00:42:19.429 [info] > git rev-parse --show-toplevel [3ms]
2024-09-07 00:42:19.429 [info] fatal: not a git repository (or any parent up to mount point /)
Stopping at filesystem boundary (GIT_DISCOVERY_ACROSS_FILESYSTEM not set).
2024-09-07 00:42:20.711 [info] > git rev-parse --show-toplevel [7ms]
2024-09-07 00:42:20.711 [info] fatal: not a git repository (or any parent up to mount point /)
Stopping at filesystem boundary (GIT_DISCOVERY_ACROSS_FILESYSTEM not set).
2024-09-07 00:42:36.935 [info] > git rev-parse --show-toplevel [3ms]
2024-09-07 00:42:36.935 [info] fatal: not a git repository (or any parent up to mount point /)
Stopping at filesystem boundary (GIT_DISCOVERY_ACROSS_FILESYSTEM not set).
2024-09-07 00:42:57.941 [info] > git rev-parse --show-toplevel [3ms]
2024-09-07 00:42:57.941 [info] fatal: not a git repository (or any parent up to mount point /)
Stopping at filesystem boundary (GIT_DISCOVERY_ACROSS_FILESYSTEM not set).
2024-09-07 00:42:59.738 [info] > git rev-parse --show-toplevel [4ms]
2024-09-07 00:42:59.738 [info] fatal: not a git repository (or any parent up to mount point /)
Stopping at filesystem boundary (GIT_DISCOVERY_ACROSS_FILESYSTEM not set).
2024-09-07 00:43:00.508 [info] > git rev-parse --show-toplevel [12ms]
2024-09-07 00:43:00.508 [info] fatal: not a git repository (or any parent up to mount point /)
Stopping at filesystem boundary (GIT_DISCOVERY_ACROSS_FILESYSTEM not set).
2024-09-07 00:43:06.929 [info] > git rev-parse --show-toplevel [3ms]
2024-09-07 00:43:06.929 [info] fatal: not a git repository (or any parent up to mount point /)
Stopping at filesystem boundary (GIT_DISCOVERY_ACROSS_FILESYSTEM not set).
