2024-09-07 00:42:17.964 [info] Added views:workbench.panel.markers.view in workbench.panel.markers
2024-09-07 00:42:17.964 [info] Added views:workbench.panel.output in workbench.panel.output
2024-09-07 00:42:17.964 [info] Added views:terminal in terminal
2024-09-07 00:42:17.964 [info] Added views:outline in workbench.view.explorer
2024-09-07 00:42:17.964 [info] Added views:workbench.scm in workbench.view.scm
2024-09-07 00:42:17.964 [info] Added views:workbench.view.search in workbench.view.search
2024-09-07 00:42:17.964 [info] Added views:timeline in workbench.view.explorer
2024-09-07 00:42:17.964 [info] Added views:workbench.explorer.fileView in workbench.view.explorer
2024-09-07 00:42:18.239 [info] Added views:workbench.debug.welcome in workbench.view.debug
2024-09-07 00:42:19.017 [info] Added views:workbench.panel.repl.view in workbench.panel.repl
2024-09-07 00:42:19.485 [info] Added views:~remote.forwardedPorts in ~remote.forwardedPortsContainer
2024-09-07 00:42:20.041 [info] Added views:workbench.views.extensions.installed,workbench.views.extensions.popular,extensions.recommendedList in workbench.view.extensions
2024-09-07 00:42:20.046 [info] Removed views:workbench.views.extensions.popular from workbench.view.extensions
2024-09-07 00:42:20.223 [info] Added views:workbench.views.extensions.popular in workbench.view.extensions
2024-09-07 00:42:26.105 [info] Removed views:extensions.recommendedList,workbench.views.extensions.popular,workbench.views.extensions.installed from workbench.view.extensions
2024-09-07 00:42:26.128 [info] Added views:workbench.views.extensions.marketplace in workbench.view.extensions
2024-09-07 00:42:36.740 [info] Removed views:workbench.views.extensions.marketplace from workbench.view.extensions
2024-09-07 00:42:36.757 [info] Added views:workbench.views.extensions.installed,workbench.views.extensions.popular,extensions.recommendedList in workbench.view.extensions
2024-09-07 00:42:44.124 [info] Removed views:extensions.recommendedList,workbench.views.extensions.popular,workbench.views.extensions.installed from workbench.view.extensions
2024-09-07 00:42:44.141 [info] Added views:workbench.views.extensions.marketplace in workbench.view.extensions
